Begin setupTermuxArch debug information.

Tue Nov 28 20:51:13 EST 2017
BASH_VERSINFO[0] = 4
BASH_VERSINFO[1] = 4
BASH_VERSINFO[2] = 12
BASH_VERSINFO[3] = 1
BASH_VERSINFO[4] = release
BASH_VERSINFO[5] = aarch64-unknown-linux-gnu

cat /proc/cpuinfo results:

Processor	: AArch64 Processor rev 4 (aarch64)
processor	: 0
processor	: 1
processor	: 2
processor	: 3
processor	: 4
processor	: 5
processor	: 6
processor	: 7
Features	: fp asimd evtstrm aes pmull sha1 sha2 crc32 
CPU implementer	: 0x41
CPU architecture: 8
CPU variant	: 0x0
CPU part	: 0xd03
CPU revision	: 4

Hardware	: Qualcomm Technologies, Inc MSM8952

dpkg --print-architecture result:


getprop ro.product.cpu.abi result:


getprop ro.product.device result:


Download directory information results.

ls: cannot access '/root/storage/downloads': No such file or directory
ls: cannot access '/root/downloads': No such file or directory
/sdcard/Download not found
/storage/emulated/0/Download exists

uname -mo results:

aarch64 GNU/Linux

End setupTermuxArch debug information.

Post this information along with information regarding your issue at https://github.com/sdrausty/TermuxArch/issues.  This debugging information is found in /data/data/com.termux/files/home/git/sdrausty/TermuxArch/scripts/files/experimental/setupTermuxArchDebug.log.  If you think screenshots will help in resolving this matter better, include them in your post please.  